[2024-05-03T21:51:10.302+0000] {manager.py:483} INFO - Processing files using up to 2 processes at a time 
[2024-05-03T21:51:10.306+0000] {manager.py:484} INFO - Process each file at most once every 30 seconds
[2024-05-03T21:51:10.306+0000] {manager.py:486} INFO - Checking for new files in /opt/airflow/dags every 300 seconds
[2024-05-03T21:51:10.307+0000] {manager.py:726} INFO - Searching for files in /opt/airflow/dags
[2024-05-03T21:51:10.315+0000] {manager.py:729} INFO - There are 1 files in /opt/airflow/dags
[2024-05-03T21:51:10.661+0000] {manager.py:851} INFO - 
================================================================================
DAG File Processing Stats

File Path                                         PID  Runtime      # DAGs    # Errors  Last Runtime    Last Run
----------------------------------------------  -----  ---------  --------  ----------  --------------  ----------
/opt/airflow/dags/health_journal_reminder_d.py    190  0.04s             0           0
================================================================================
[2024-05-03T21:51:41.144+0000] {manager.py:851} INFO - 
================================================================================
DAG File Processing Stats

File Path                                         PID  Runtime      # DAGs    # Errors  Last Runtime    Last Run
----------------------------------------------  -----  ---------  --------  ----------  --------------  -------------------
/opt/airflow/dags/health_journal_reminder_d.py    210  0.02s             0           0  0.21s           2024-05-03T21:51:10
================================================================================
[2024-05-03T21:52:11.691+0000] {manager.py:851} INFO - 
================================================================================
DAG File Processing Stats

File Path                                       PID    Runtime      # DAGs    # Errors  Last Runtime    Last Run
----------------------------------------------  -----  ---------  --------  ----------  --------------  -------------------
/opt/airflow/dags/health_journal_reminder_d.py                           0           1  0.19s           2024-05-03T21:51:51
================================================================================
[2024-05-03T21:52:42.202+0000] {manager.py:851} INFO - 
================================================================================
DAG File Processing Stats

File Path                                       PID    Runtime      # DAGs    # Errors  Last Runtime    Last Run
----------------------------------------------  -----  ---------  --------  ----------  --------------  -------------------
/opt/airflow/dags/health_journal_reminder_d.py                           0           1  0.23s           2024-05-03T21:52:22
================================================================================
[2024-05-03T21:53:12.738+0000] {manager.py:851} INFO - 
================================================================================
DAG File Processing Stats

File Path                                       PID    Runtime      # DAGs    # Errors  Last Runtime    Last Run
----------------------------------------------  -----  ---------  --------  ----------  --------------  -------------------
/opt/airflow/dags/health_journal_reminder_d.py                           0           1  0.20s           2024-05-03T21:52:52
================================================================================
[2024-05-03T21:53:43.484+0000] {manager.py:851} INFO - 
================================================================================
DAG File Processing Stats

File Path                                       PID    Runtime      # DAGs    # Errors  Last Runtime    Last Run
----------------------------------------------  -----  ---------  --------  ----------  --------------  -------------------
/opt/airflow/dags/health_journal_reminder_d.py                           0           1  0.18s           2024-05-03T21:53:23
================================================================================
[2024-05-03T21:54:14.013+0000] {manager.py:851} INFO - 
================================================================================
DAG File Processing Stats

File Path                                       PID    Runtime      # DAGs    # Errors  Last Runtime    Last Run
----------------------------------------------  -----  ---------  --------  ----------  --------------  -------------------
/opt/airflow/dags/health_journal_reminder_d.py                           0           1  0.23s           2024-05-03T21:53:53
================================================================================
[2024-05-03T21:54:44.631+0000] {manager.py:851} INFO - 
================================================================================
DAG File Processing Stats

File Path                                       PID    Runtime      # DAGs    # Errors  Last Runtime    Last Run
----------------------------------------------  -----  ---------  --------  ----------  --------------  -------------------
/opt/airflow/dags/health_journal_reminder_d.py                           0           1  0.27s           2024-05-03T21:54:16
================================================================================
[2024-05-03T21:55:15.070+0000] {manager.py:851} INFO - 
================================================================================
DAG File Processing Stats

File Path                                       PID    Runtime      # DAGs    # Errors  Last Runtime    Last Run
----------------------------------------------  -----  ---------  --------  ----------  --------------  -------------------
/opt/airflow/dags/health_journal_reminder_d.py                           0           1  0.20s           2024-05-03T21:55:06
================================================================================
[2024-05-03T21:55:45.594+0000] {manager.py:851} INFO - 
================================================================================
DAG File Processing Stats

File Path                                       PID    Runtime      # DAGs    # Errors  Last Runtime    Last Run
----------------------------------------------  -----  ---------  --------  ----------  --------------  -------------------
/opt/airflow/dags/health_journal_reminder_d.py                           0           1  0.21s           2024-05-03T21:55:37
================================================================================
[2024-05-03T21:56:11.058+0000] {manager.py:726} INFO - Searching for files in /opt/airflow/dags
[2024-05-03T21:56:11.075+0000] {manager.py:729} INFO - There are 1 files in /opt/airflow/dags
[2024-05-03T21:56:16.165+0000] {manager.py:851} INFO - 
================================================================================
DAG File Processing Stats

File Path                                       PID    Runtime      # DAGs    # Errors  Last Runtime    Last Run
----------------------------------------------  -----  ---------  --------  ----------  --------------  -------------------
/opt/airflow/dags/health_journal_reminder_d.py                           0           1  0.24s           2024-05-03T21:56:08
================================================================================
[2024-05-03T21:56:46.725+0000] {manager.py:851} INFO - 
================================================================================
DAG File Processing Stats

File Path                                       PID    Runtime      # DAGs    # Errors  Last Runtime    Last Run
----------------------------------------------  -----  ---------  --------  ----------  --------------  -------------------
/opt/airflow/dags/health_journal_reminder_d.py                           0           1  0.24s           2024-05-03T21:56:38
================================================================================
[2024-05-03T21:57:17.339+0000] {manager.py:851} INFO - 
================================================================================
DAG File Processing Stats

File Path                                       PID    Runtime      # DAGs    # Errors  Last Runtime    Last Run
----------------------------------------------  -----  ---------  --------  ----------  --------------  -------------------
/opt/airflow/dags/health_journal_reminder_d.py                           0           1  0.23s           2024-05-03T21:57:09
================================================================================
[2024-05-03T21:57:47.992+0000] {manager.py:851} INFO - 
================================================================================
DAG File Processing Stats

File Path                                       PID    Runtime      # DAGs    # Errors  Last Runtime    Last Run
----------------------------------------------  -----  ---------  --------  ----------  --------------  -------------------
/opt/airflow/dags/health_journal_reminder_d.py                           0           1  0.18s           2024-05-03T21:57:40
================================================================================
[2024-05-03T21:58:18.597+0000] {manager.py:851} INFO - 
================================================================================
DAG File Processing Stats

File Path                                       PID    Runtime      # DAGs    # Errors  Last Runtime    Last Run
----------------------------------------------  -----  ---------  --------  ----------  --------------  -------------------
/opt/airflow/dags/health_journal_reminder_d.py                           0           1  0.19s           2024-05-03T21:58:10
================================================================================
